<?xml version="1.0" encoding="UTF-8"?>
<testsuite xmlns:xsi="http://www.w3.org/2001/XMLSchema-instance" xsi:noNamespaceSchemaLocation="https://maven.apache.org/surefire/maven-surefire-plugin/xsd/surefire-test-report-3.0.xsd" version="3.0" name="EmployeeTest" time="0.006" tests="4" errors="0" skipped="0" failures="0">
  <properties>
[...]
</properties>
  <testcase name="notaManger" classname="EmployeeTest" time="0.0"/>
  <testcase name="isManger" classname="EmployeeTest" time="0.0"/>
  <testcase name="analyzeCompanyStructure_outputsExpectedMessages" classname="EmployeeTest" time="0.004">
    <system-out><![CDATA[Martin Manager1 earns too LITTLE by 12000.00
Laura Manager2 earns too LITTLE by 10000.00
Peter Manager3 earns too LITTLE by 8000.00
Susan Manager4 earns too LITTLE by 6000.00
Raj Manager5 earns too LITTLE by 4000.00
Reporting line too long: Raj Manager5 exceeds by 1 managers
Reporting line too long: Alice EmployeeX exceeds by 2 managers

]]></system-out>
  </testcase>
  <testcase name="testAnalyzeCompanyStructure" classname="EmployeeTest" time="0.001">
    <system-out><![CDATA[Martin Manager1 earns too LITTLE by 12000.00
Laura Manager2 earns too LITTLE by 10000.00
Peter Manager3 earns too LITTLE by 8000.00
Susan Manager4 earns too LITTLE by 6000.00
Raj Manager5 earns too LITTLE by 4000.00
Reporting line too long: Raj Manager5 exceeds by 1 managers
Reporting line too long: Alice EmployeeX exceeds by 2 managers
]]></system-out>
  </testcase>
</testsuite>